#
# There is insufficient memory for the Java Runtime Environment to continue.
# Native memory allocation (mmap) failed to map 134217728 bytes for G1 virtual space
# Possible reasons:
#   The system is out of physical RAM or swap space
#   The process is running with CompressedOops enabled, and the Java Heap may be blocking the growth of the native heap
# Possible solutions:
#   Reduce memory load on the system
#   Increase physical memory or swap space
#   Check if swap backing store is full
#   Decrease Java heap size (-Xmx/-Xms)
#   Decrease number of Java threads
#   Decrease Java thread stack sizes (-Xss)
#   Set larger code cache with -XX:ReservedCodeCacheSize=
#   JVM is running with Unscaled Compressed Oops mode in which the Java heap is
#     placed in the first 4GB address space. The Java Heap base address is the
#     maximum limit for the native heap growth. Please use -XX:HeapBaseMinAddress
#     to set the Java Heap base and to place the Java Heap above 4GB virtual address.
# This output file may be truncated or incomplete.
#
#  Out of Memory Error (os_windows.cpp:3530), pid=17956, tid=6248
#
# JRE version:  (18.0.2+9) (build )
# Java VM: Java HotSpot(TM) 64-Bit Server VM (18.0.2+9-61, mixed mode, sharing, tiered, compressed oops, compressed class ptrs, g1 gc, windows-amd64)
# No core dump will be written. Minidumps are not enabled by default on client versions of Windows
#

---------------  S U M M A R Y ------------

Command Line: -Dfile.encoding=UTF-8 --module-path=C:\Users\vishal\Downloads\mysql-connector-j-8.0.31\mysql-connector-j-8.0.31\mysql-connector-j-8.0.31.jar -XX:+ShowCodeDetailsInExceptionMessages com.quiz.app.Start

Host: Intel(R) Core(TM) i3-5005U CPU @ 2.00GHz, 4 cores, 7G,  Windows 10 , 64 bit Build 14393 (10.0.14393.2189)
Time: Sat Nov 12 22:16:37 2022 India Standard Time elapsed time: 0.061537 seconds (0d 0h 0m 0s)

---------------  T H R E A D  ---------------

Current thread (0x000001ebe0c58770):  JavaThread "Unknown thread" [_thread_in_vm, id=6248, stack(0x0000005e64400000,0x0000005e64500000)]

Stack: [0x0000005e64400000,0x0000005e64500000]
Native frames: (J=compiled Java code, j=interpreted, Vv=VM code, C=native code)
V  [jvm.dll+0x6993ca]
V  [jvm.dll+0x7f481d]
V  [jvm.dll+0x7f612e]
V  [jvm.dll+0x7f67e3]
V  [jvm.dll+0x25cdaf]
V  [jvm.dll+0x696319]
V  [jvm.dll+0x68ae4a]
V  [jvm.dll+0x3223eb]
V  [jvm.dll+0x329dc6]
V  [jvm.dll+0x37eade]
V  [jvm.dll+0x37ed0f]
V  [jvm.dll+0x2fa16a]
V  [jvm.dll+0x2fb1cd]
V  [jvm.dll+0x7c3450]
V  [jvm.dll+0x38be61]
V  [jvm.dll+0x7a2073]
V  [jvm.dll+0x40dc3f]
V  [jvm.dll+0x40f611]
C  [jli.dll+0x526b]
C  [ucrtbase.dll+0x1cd70]
C  [KERNEL32.DLL+0x8364]
C  [ntdll.dll+0x67091]


---------------  P R O C E S S  ---------------

Threads class SMR info:
_java_thread_list=0x00007ffa10a0e550, length=0, elements={
}

Java Threads: ( => current thread )

Other Threads:
  0x000001ebe0cb4c60 WorkerThread "GC Thread#0" [stack: 0x0000005e64500000,0x0000005e64600000] [id=18720]
  0x000001ebe0cc5950 ConcurrentGCThread "G1 Main Marker" [stack: 0x0000005e64600000,0x0000005e64700000] [id=18964]
  0x000001ebe0cc6340 WorkerThread "G1 Conc#0" [stack: 0x0000005e64700000,0x0000005e64800000] [id=17624]

[error occurred during error reporting (printing all threads), id 0xc0000005, EXCEPTION_ACCESS_VIOLATION (0xc0000005) at pc=0x00007ffa1023a707]

VM state: not at safepoint (not fully initialized)

VM Mutex/Monitor currently owned by a thread:  ([mutex/lock_event])
[0x000001ebe0adae10] Heap_lock - owner thread: 0x000001ebe0c58770

Heap address: 0x0000000081200000, size: 2030 MB, Compressed Oops mode: 32-bit

CDS archive(s) mapped at: [0x0000000000000000-0x0000000000000000-0x0000000000000000), size 0, SharedBaseAddress: 0x0000000800000000, ArchiveRelocationMode: 0.
Narrow klass base: 0x0000000000000000, Narrow klass shift: 0, Narrow klass range: 0x0

GC Precious Log:
 CardTable entry size: 512
 Card Set container configuration: InlinePtr #cards 5 size 8 Array Of Cards #cards 12 size 40 Howl #buckets 4 coarsen threshold 1843 Howl Bitmap #cards 512 size 80 coarsen threshold 460 Card regions per heap region 1 cards per card region 2048

Heap:
 garbage-first heap   total 0K, used 0K [0x0000000081200000, 0x0000000100000000)
  region size 1024K, 0 young (0K), 0 survivors (0K)

[error occurred during error reporting (printing heap information), id 0xc0000005, EXCEPTION_ACCESS_VIOLATION (0xc0000005) at pc=0x00007ffa10621859]

GC Heap History (0 events):
No events

Deoptimization events (0 events):
No events

Classes loaded (0 events):
No events

Classes unloaded (0 events):
No events

Classes redefined (0 events):
No events

Internal exceptions (0 events):
No events

VM Operations (0 events):
No events

Events (1 events):
Event: 0.043 Loaded shared library C:\Program Files\java\jdk-18.0.2\bin\java.dll


Dynamic libraries:
0x00007ff7ece00000 - 0x00007ff7ece10000 	C:\Program Files\java\jdk-18.0.2\bin\javaw.exe
0x00007ffa4bae0000 - 0x00007ffa4bcb2000 	C:\Windows\SYSTEM32\ntdll.dll
0x00007ffa4b2c0000 - 0x00007ffa4b36c000 	C:\Windows\System32\KERNEL32.DLL
0x00007ffa48df0000 - 0x00007ffa4900d000 	C:\Windows\System32\KERNELBASE.dll
0x00007ffa48470000 - 0x00007ffa48565000 	C:\Windows\System32\ucrtbase.dll
0x00007ffa3e500000 - 0x00007ffa3e518000 	C:\Program Files\java\jdk-18.0.2\bin\jli.dll
0x00007ffa4b210000 - 0x00007ffa4b2b2000 	C:\Windows\System32\ADVAPI32.dll
0x00007ffa4af60000 - 0x00007ffa4affe000 	C:\Windows\System32\msvcrt.dll
0x00007ffa49210000 - 0x00007ffa49269000 	C:\Windows\System32\sechost.dll
0x00007ffa49540000 - 0x00007ffa49661000 	C:\Windows\System32\RPCRT4.dll
0x00007ffa4ad90000 - 0x00007ffa4aef5000 	C:\Windows\System32\USER32.dll
0x00007ffa48c50000 - 0x00007ffa48c6e000 	C:\Windows\System32\win32u.dll
0x00007ffa4b900000 - 0x00007ffa4b934000 	C:\Windows\System32\GDI32.dll
0x00007ffa48c70000 - 0x00007ffa48df0000 	C:\Windows\System32\gdi32full.dll
0x00007ffa45dd0000 - 0x00007ffa45dea000 	C:\Program Files\java\jdk-18.0.2\bin\VCRUNTIME140.dll
0x00007ffa3e680000 - 0x00007ffa3e8fa000 	C:\Windows\WinSxS\amd64_microsoft.windows.common-controls_6595b64144ccf1df_6.0.14393.953_none_42151e83c686086b\COMCTL32.dll
0x00007ffa49270000 - 0x00007ffa49538000 	C:\Windows\System32\combase.dll
0x00007ffa48260000 - 0x00007ffa482ca000 	C:\Windows\System32\bcryptPrimitives.dll
0x00007ffa3b800000 - 0x00007ffa3b80a000 	C:\Windows\SYSTEM32\VERSION.dll
0x00007ffa4b940000 - 0x00007ffa4b96e000 	C:\Windows\System32\IMM32.DLL
0x00007ffa45dc0000 - 0x00007ffa45dcc000 	C:\Program Files\java\jdk-18.0.2\bin\vcruntime140_1.dll
0x00007ffa3e470000 - 0x00007ffa3e4fd000 	C:\Program Files\java\jdk-18.0.2\bin\msvcp140.dll
0x00007ffa0ff30000 - 0x00007ffa10b41000 	C:\Program Files\java\jdk-18.0.2\bin\server\jvm.dll
0x00007ffa497d0000 - 0x00007ffa497d8000 	C:\Windows\System32\PSAPI.DLL
0x00007ffa446e0000 - 0x00007ffa446e9000 	C:\Windows\SYSTEM32\WSOCK32.dll
0x00007ffa49760000 - 0x00007ffa497ca000 	C:\Windows\System32\WS2_32.dll
0x00007ffa464d0000 - 0x00007ffa464f3000 	C:\Windows\SYSTEM32\WINMM.dll
0x00007ffa464a0000 - 0x00007ffa464cb000 	C:\Windows\SYSTEM32\WINMMBASE.dll
0x00007ffa48380000 - 0x00007ffa483c2000 	C:\Windows\System32\cfgmgr32.dll
0x00007ffa47f70000 - 0x00007ffa47f7f000 	C:\Windows\System32\kernel.appcore.dll
0x00007ffa413e0000 - 0x00007ffa413ea000 	C:\Program Files\java\jdk-18.0.2\bin\jimage.dll
0x00007ffa44450000 - 0x00007ffa445e2000 	C:\Windows\SYSTEM32\DBGHELP.DLL
0x00007ffa39db0000 - 0x00007ffa39dd9000 	C:\Windows\SYSTEM32\dbgcore.DLL
0x00007ffa3e410000 - 0x00007ffa3e435000 	C:\Program Files\java\jdk-18.0.2\bin\java.dll

dbghelp: loaded successfully - version: 4.0.5 - missing functions: none
symbol engine: initialized successfully - sym options: 0x614 - pdb path: .;C:\Program Files\java\jdk-18.0.2\bin;C:\Windows\SYSTEM32;C:\Windows\WinSxS\amd64_microsoft.windows.common-controls_6595b64144ccf1df_6.0.14393.953_none_42151e83c686086b;C:\Program Files\java\jdk-18.0.2\bin\server

VM Arguments:
jvm_args: -Dfile.encoding=UTF-8 --module-path=C:\Users\vishal\Downloads\mysql-connector-j-8.0.31\mysql-connector-j-8.0.31\mysql-connector-j-8.0.31.jar -XX:+ShowCodeDetailsInExceptionMessages 
java_command: com.quiz.app.Start
java_class_path (initial): C:\Users\vishal\eclipse-workspace\Mini Project\bin
Launcher Type: SUN_STANDARD

[Global flags]
     intx CICompilerCount                          = 3                                         {product} {ergonomic}
     uint ConcGCThreads                            = 1                                         {product} {ergonomic}
     uint G1ConcRefinementThreads                  = 4                                         {product} {ergonomic}
   size_t G1HeapRegionSize                         = 1048576                                   {product} {ergonomic}
    uintx GCDrainStackTargetSize                   = 64                                        {product} {ergonomic}
   size_t InitialHeapSize                          = 134217728                                 {product} {ergonomic}
   size_t MarkStackSize                            = 4194304                                   {product} {ergonomic}
   size_t MaxHeapSize                              = 2128609280                                {product} {ergonomic}
   size_t MinHeapDeltaBytes                        = 1048576                                   {product} {ergonomic}
   size_t MinHeapSize                              = 8388608                                   {product} {ergonomic}
    uintx NonNMethodCodeHeapSize                   = 5832780                                {pd product} {ergonomic}
    uintx NonProfiledCodeHeapSize                  = 122912730                              {pd product} {ergonomic}
    uintx ProfiledCodeHeapSize                     = 122912730                              {pd product} {ergonomic}
    uintx ReservedCodeCacheSize                    = 251658240                              {pd product} {ergonomic}
     bool SegmentedCodeCache                       = true                                      {product} {ergonomic}
     bool ShowCodeDetailsInExceptionMessages       = true                                   {manageable} {command line}
   size_t SoftMaxHeapSize                          = 2128609280                             {manageable} {ergonomic}
     bool UseCompressedClassPointers               = true                           {product lp64_product} {ergonomic}
     bool UseCompressedOops                        = true                           {product lp64_product} {ergonomic}
     bool UseG1GC                                  = true                                      {product} {ergonomic}
     bool UseLargePagesIndividualAllocation        = false                                  {pd product} {ergonomic}

Logging:
Log output configuration:
 #0: stdout all=warning uptime,level,tags foldmultilines=false
 #1: stderr all=off uptime,level,tags foldmultilines=false

Environment Variables:
JAVA_HOME=C:\Program Files\java\jdk-18.0.2
PATH=C:\Program Files\Common Files\Oracle\Java\javapath;C:\ProgramData\Oracle\Java\javapath;C:\Windows\system32;C:\Windows;C:\Windows\System32\Wbem;C:\Windows\System32\WindowsPowerShell\v1.0\;C:\Program Files (x86)\Microsoft SQL Server\100\Tools\Binn\;C:\Program Files\Microsoft SQL Server\100\Tools\Binn\;C:\Program Files\Microsoft SQL Server\100\DTS\Binn\;C:\Android;C:\Windows\System32;C:\Program Files\java\jdk-18.0.2\bin;C:\Program Files\MySQL\MySQL Shell 8.0\bin\;C:\Program Files\java\jdk1.8.0_131\bin
USERNAME=vishal
OS=Windows_NT
PROCESSOR_IDENTIFIER=Intel64 Family 6 Model 61 Stepping 4, GenuineIntel



---------------  S Y S T E M  ---------------

OS:
 Windows 10 , 64 bit Build 14393 (10.0.14393.2189)
OS uptime: 3 days 5:44 hours

CPU: total 4 (initial active 4) (2 cores per cpu, 2 threads per core) family 6 model 61 stepping 4 microcode 0x22, cx8, cmov, fxsr, ht, mmx, 3dnowpref, sse, sse2, sse3, ssse3, sse4.1, sse4.2, popcnt, lzcnt, tsc, tscinvbit, avx, avx2, aes, erms, clmul, bmi1, bmi2, adx, fma, vzeroupper, clflush

Memory: 4k page, system-wide physical 8112M (2516M free)
TotalPageFile size 15876M (AvailPageFile size 72M)
current process WorkingSet (physical memory assigned to process): 10M, peak: 10M
current process commit charge ("private bytes"): 51M, peak: 179M

vm_info: Java HotSpot(TM) 64-Bit Server VM (18.0.2+9-61) for windows-amd64 JRE (18.0.2+9-61), built on Jun  7 2022 13:09:01 by "mach5one" with MS VC++ 16.8 / 16.9 (VS2019)

END.
